<?xml version="1.0" encoding="UTF-8"?>
<!-- Generated by org.testng.reporters.JUnitXMLReporter -->
<testsuite ignored="0" hostname="DESKTOP-B3DFAUD" failures="1" tests="5" name="Test" time="206.04" errors="0" timestamp="2023-07-21T22:07:13 IST">
  <testcase classname="test.Reg_Test" name="registration" time="23.614"/>
  <testcase classname="test.Login_Test" name="login" time="6.226"/>
  <testcase classname="test.Product_Test" name="product" time="33.493"/>
  <testcase classname="test.AddtoCart_Test" name="addtoCart" time="31.522"/>
  <testcase classname="test.Checkout_Test" name="checkout" time="67.356">
    <failure type="org.openqa.selenium.ElementClickInterceptedException" message="element click intercepted: Element &amp;lt;span class=&amp;quot;btn__content&amp;quot;&amp;gt;...&amp;lt;/span&amp;gt; is not clickable at point (611, 603). Other element would receive the click: &amp;lt;svg class=&amp;quot;icon-svg icon-svg--size-18 btn__spinner icon-svg--spinner-button&amp;quot; aria-hidden=&amp;quot;true&amp;quot; focusable=&amp;quot;false&amp;quot;&amp;gt;...&amp;lt;/svg&amp;gt;
  (Session info: chrome=114.0.5735.248)
Build info: version: &amp;apos;4.9.1&amp;apos;, revision: &amp;apos;eb2032df7f&amp;apos;
System info: os.name: &amp;apos;Windows 10&amp;apos;, os.arch: &amp;apos;amd64&amp;apos;, os.version: &amp;apos;10.0&amp;apos;, java.version: &amp;apos;17.0.6&amp;apos;
Driver info: org.openqa.selenium.chrome.ChromeDriver
Command: [b76e5e52c6e6c3db98a20bbc4614492f, clickElement {id=4318335965DC0D22F7AE1D2064FE847D_element_376}]
Capabilities {acceptInsecureCerts: false, browserName: chrome, browserVersion: 114.0.5735.248, chrome: {chromedriverVersion: 114.0.5735.90 (386bc09e8f4f..., userDataDir: C:\Users\hp\AppData\Local\T...}, goog:chromeOptions: {debuggerAddress: localhost:64632}, networkConnectionEnabled: false, pageLoadStrategy: normal, platformName: windows, proxy: Proxy(), se:cdp: ws://localhost:64632/devtoo..., se:cdpVersion: 114.0.5735.248, setWindowRect: true, strictFileInteractability: false, timeouts: {implicit: 0, pageLoad: 300000, script: 30000}, unhandledPromptBehavior: dismiss and notify, webauthn:extension:credBlob: true, webauthn:extension:largeBlob: true, webauthn:extension:minPinLength: true, webauthn:extension:prf: true, webauthn:virtualAuthenticators: true}
Element: [[ChromeDriver: chrome on windows (b76e5e52c6e6c3db98a20bbc4614492f)] -&amp;gt; xpath: /html/body/div[1]/div/div/main/div[1]/div[2]/a/span]
Session ID: b76e5e52c6e6c3db98a20bbc4614492f">
      <![CDATA[org.openqa.selenium.ElementClickInterceptedException: element click intercepted: Element <span class="btn__content">...</span> is not clickable at point (611, 603). Other element would receive the click: <svg class="icon-svg icon-svg--size-18 btn__spinner icon-svg--spinner-button" aria-hidden="true" focusable="false">...</svg>
  (Session info: chrome=114.0.5735.248)
Build info: version: '4.9.1', revision: 'eb2032df7f'
System info: os.name: 'Windows 10', os.arch: 'amd64', os.version: '10.0', java.version: '17.0.6'
Driver info: org.openqa.selenium.chrome.ChromeDriver
Command: [b76e5e52c6e6c3db98a20bbc4614492f, clickElement {id=4318335965DC0D22F7AE1D2064FE847D_element_376}]
Capabilities {acceptInsecureCerts: false, browserName: chrome, browserVersion: 114.0.5735.248, chrome: {chromedriverVersion: 114.0.5735.90 (386bc09e8f4f..., userDataDir: C:\Users\hp\AppData\Local\T...}, goog:chromeOptions: {debuggerAddress: localhost:64632}, networkConnectionEnabled: false, pageLoadStrategy: normal, platformName: windows, proxy: Proxy(), se:cdp: ws://localhost:64632/devtoo..., se:cdpVersion: 114.0.5735.248, setWindowRect: true, strictFileInteractability: false, timeouts: {implicit: 0, pageLoad: 300000, script: 30000}, unhandledPromptBehavior: dismiss and notify, webauthn:extension:credBlob: true, webauthn:extension:largeBlob: true, webauthn:extension:minPinLength: true, webauthn:extension:prf: true, webauthn:virtualAuthenticators: true}
Element: [[ChromeDriver: chrome on windows (b76e5e52c6e6c3db98a20bbc4614492f)] -> xpath: /html/body/div[1]/div/div/main/div[1]/div[2]/a/span]
Session ID: b76e5e52c6e6c3db98a20bbc4614492f
at org.openqa.selenium.remote.codec.w3c.W3CHttpResponseCodec.createException(W3CHttpResponseCodec.java:200)
at org.openqa.selenium.remote.codec.w3c.W3CHttpResponseCodec.decode(W3CHttpResponseCodec.java:133)
at org.openqa.selenium.remote.codec.w3c.W3CHttpResponseCodec.decode(W3CHttpResponseCodec.java:53)
at org.openqa.selenium.remote.HttpCommandExecutor.execute(HttpCommandExecutor.java:193)
at org.openqa.selenium.remote.service.DriverCommandExecutor.invokeExecute(DriverCommandExecutor.java:183)
at org.openqa.selenium.remote.service.DriverCommandExecutor.execute(DriverCommandExecutor.java:158)
at org.openqa.selenium.remote.RemoteWebDriver.execute(RemoteWebDriver.java:543)
at org.openqa.selenium.remote.RemoteWebElement.execute(RemoteWebElement.java:257)
at org.openqa.selenium.remote.RemoteWebElement.click(RemoteWebElement.java:78)
at page.Checkout_Page.btnClick(Checkout_Page.java:36)
at test.Checkout_Test.checkout(Checkout_Test.java:37)
at java.base/java.util.ArrayList.forEach(ArrayList.java:1511)
... Removed 32 stack frames]]>
    </failure>
  </testcase> <!-- checkout -->
</testsuite> <!-- Test -->
